<?xml version="1.0" encoding="UTF-8"?>
<!-- Generated by org.testng.reporters.JUnitReportReporter -->
<testsuite skipped="0" hostname="Safaet-ZBook" name="SampleTest" tests="1" failures="0" timestamp="18 May 2017 10:23:56 GMT" time="0.002" errors="0">
  <testcase name="testPrintMessage" time="0.002" classname="SampleTest"/>
</testsuite> <!-- SampleTest -->
