<?xml version="1.0" encoding="UTF-8"?>
<!-- Generated by org.testng.reporters.JUnitReportReporter -->
<testsuite skipped="0" hostname="Safaet-ZBook" name="TestngAnnotation" tests="2" failures="0" timestamp="18 May 2017 10:23:56 GMT" time="0.005" errors="0">
  <testcase name="testCase2" time="0.001" classname="TestngAnnotation"/>
  <testcase name="testCase1" time="0.004" classname="TestngAnnotation"/>
</testsuite> <!-- TestngAnnotation -->
